[2026-06-09T23:52:37Z] role=hpa deploy=kafka-consumer-k8s hpa=kafka-consumer-k8s-hpa duration=180s interval=5s out=/tmp/measure-hpa
[2026-06-09T23:52:37Z] Waiting 19s for sync...
[2026-06-09T23:52:56Z] === MEASUREMENT START ===
job.batch/kafka-producer created
[2026-06-09T23:53:24Z] iter=6 replicas=0/3 desired=3 lag=1k
[2026-06-09T23:53:57Z] iter=12 replicas=3/3 desired=3 lag=0
[2026-06-09T23:54:30Z] iter=18 replicas=3/3 desired=3 lag=0
[2026-06-09T23:55:03Z] iter=24 replicas=0/0 desired=0 lag=0
[2026-06-09T23:55:37Z] iter=30 replicas=0/0 desired=0 lag=0
[2026-06-09T23:55:58Z] === MEASUREMENT END ===
[2026-06-09T23:55:58Z] CSV rows: 33 | events captured: 31
[2026-06-09T23:55:58Z] Output: /tmp/measure-hpa
[2026-06-10T01:14:35Z] role=hpa deploy=kafka-consumer-k8s hpa=kafka-consumer-k8s-hpa duration=300s interval=5s out=/tmp/measure-hpa
[2026-06-10T01:14:35Z] Waiting 29s for sync...
[2026-06-10T01:15:04Z] === MEASUREMENT START ===
job.batch/kafka-producer unchanged
/home/cyokozai/measure.sh: line 162: LAG: unbound variable
[2026-06-10T02:50:58Z] role=hpa deploy=kafka-consumer-k8s hpa=kafka-consumer-k8s-hpa duration=300s interval=5s out=/tmp/measure-hpa
[2026-06-10T02:50:58Z] Waiting 28s for sync...
[2026-06-10T02:51:26Z] === MEASUREMENT START ===
job.batch/kafka-producer created
[2026-06-10T02:51:54Z] iter=6 replicas=3/3 desired=3 lag_prom=1000 lag_ext=1k
[2026-06-10T02:52:27Z] iter=12 replicas=3/3 desired=3 lag_prom=0 lag_ext=0
[2026-06-10T02:53:00Z] iter=18 replicas=3/3 desired=3 lag_prom=0 lag_ext=0
[2026-06-10T02:53:33Z] iter=24 replicas=0/0 desired=0 lag_prom=0 lag_ext=0
[2026-06-10T02:54:06Z] iter=30 replicas=0/0 desired=0 lag_prom=0 lag_ext=0
[2026-06-10T02:54:40Z] iter=36 replicas=0/0 desired=0 lag_prom=0 lag_ext=0
[2026-06-10T02:55:13Z] iter=42 replicas=0/0 desired=0 lag_prom=0 lag_ext=0
[2026-06-10T02:55:46Z] iter=48 replicas=0/0 desired=0 lag_prom=0 lag_ext=0
[2026-06-10T02:56:20Z] iter=54 replicas=0/0 desired=0 lag_prom=0 lag_ext=0
[2026-06-10T02:56:30Z] === MEASUREMENT END ===
[2026-06-10T02:56:30Z] CSV rows: 55 | events captured: 31
[2026-06-10T02:56:30Z] Output: /tmp/measure-hpa
[2026-06-10T04:18:33Z] role=hpa deploy=kafka-consumer-k8s hpa=kafka-consumer-k8s-hpa duration=300s interval=5s out=/tmp/measure-hpa
[2026-06-10T04:18:33Z] Waiting 30s for sync...
[2026-06-10T04:19:03Z] === MEASUREMENT START ===
job.batch/kafka-producer created
[2026-06-10T04:19:31Z] iter=6 replicas=0/0 desired=0 lag_prom=1000 lag_ext=1k
[2026-06-10T04:20:05Z] iter=12 replicas=3/3 desired=3 lag_prom=0 lag_ext=0
[2026-06-10T04:20:38Z] iter=18 replicas=3/3 desired=3 lag_prom=0 lag_ext=0
[2026-06-10T04:21:11Z] iter=24 replicas=0/0 desired=0 lag_prom=0 lag_ext=0
[2026-06-10T04:21:44Z] iter=30 replicas=0/0 desired=0 lag_prom=0 lag_ext=0
[2026-06-10T04:22:17Z] iter=36 replicas=0/0 desired=0 lag_prom=0 lag_ext=0
[2026-06-10T04:22:50Z] iter=42 replicas=0/0 desired=0 lag_prom=0 lag_ext=0
[2026-06-10T04:23:23Z] iter=48 replicas=0/0 desired=0 lag_prom=0 lag_ext=0
[2026-06-10T04:23:56Z] iter=54 replicas=0/0 desired=0 lag_prom=0 lag_ext=0
[2026-06-10T04:24:06Z] === MEASUREMENT END ===
[2026-06-10T04:24:06Z] CSV rows: 55 | events captured: 31
[2026-06-10T04:24:06Z] Output: /tmp/measure-hpa
[2026-06-10T04:24:44Z] role=hpa deploy=kafka-consumer-k8s hpa=kafka-consumer-k8s-hpa duration=300s interval=5s out=/tmp/measure-hpa
[2026-06-10T04:24:44Z] Waiting 29s for sync...
[2026-06-10T04:25:13Z] === MEASUREMENT START ===
job.batch/kafka-producer created
[2026-06-10T04:25:41Z] iter=6 replicas=3/3 desired=3 lag_prom=1000 lag_ext=1k
[2026-06-10T04:26:14Z] iter=12 replicas=3/3 desired=3 lag_prom=0 lag_ext=0
[2026-06-10T04:26:47Z] iter=18 replicas=3/3 desired=3 lag_prom=0 lag_ext=0
[2026-06-10T04:27:19Z] iter=24 replicas=0/0 desired=0 lag_prom=0 lag_ext=0
[2026-06-10T04:27:52Z] iter=30 replicas=0/0 desired=0 lag_prom=0 lag_ext=0
[2026-06-10T04:28:25Z] iter=36 replicas=0/0 desired=0 lag_prom=0 lag_ext=0
[2026-06-10T04:28:58Z] iter=42 replicas=0/0 desired=0 lag_prom=0 lag_ext=0
[2026-06-10T04:29:31Z] iter=48 replicas=0/0 desired=0 lag_prom=0 lag_ext=0
[2026-06-10T04:30:04Z] iter=54 replicas=0/0 desired=0 lag_prom=0 lag_ext=0
[2026-06-10T04:30:14Z] === MEASUREMENT END ===
[2026-06-10T04:30:14Z] CSV rows: 55 | events captured: 93
[2026-06-10T04:30:14Z] Output: /tmp/measure-hpa
[2026-06-10T04:30:54Z] role=hpa deploy=kafka-consumer-k8s hpa=kafka-consumer-k8s-hpa duration=300s interval=5s out=/tmp/measure-hpa
[2026-06-10T04:30:54Z] Waiting 27s for sync...
[2026-06-10T04:31:21Z] === MEASUREMENT START ===
job.batch/kafka-producer created
[2026-06-10T04:31:50Z] iter=6 replicas=0/0 desired=0 lag_prom=1000 lag_ext=1k
[2026-06-10T04:32:23Z] iter=12 replicas=3/3 desired=3 lag_prom=0 lag_ext=0
[2026-06-10T04:32:56Z] iter=18 replicas=3/3 desired=3 lag_prom=0 lag_ext=0
[2026-06-10T04:33:28Z] iter=24 replicas=0/0 desired=0 lag_prom=0 lag_ext=0
[2026-06-10T04:34:01Z] iter=30 replicas=0/0 desired=0 lag_prom=0 lag_ext=0
[2026-06-10T04:34:34Z] iter=36 replicas=0/0 desired=0 lag_prom=0 lag_ext=0
[2026-06-10T04:35:07Z] iter=42 replicas=0/0 desired=0 lag_prom=0 lag_ext=0
[2026-06-10T04:35:41Z] iter=48 replicas=0/0 desired=0 lag_prom=0 lag_ext=0
[2026-06-10T04:36:14Z] iter=54 replicas=0/0 desired=0 lag_prom=0 lag_ext=0
[2026-06-10T04:36:24Z] === MEASUREMENT END ===
[2026-06-10T04:36:24Z] CSV rows: 55 | events captured: 151
[2026-06-10T04:36:24Z] Output: /tmp/measure-hpa
