[2026-06-09T23:52:37Z] role=hpa deploy=kafka-consumer-k8s hpa=kafka-consumer-k8s-hpa duration=180s interval=5s out=/tmp/measure-hpa
[2026-06-09T23:52:37Z] Waiting 19s for sync...
[2026-06-09T23:52:56Z] === MEASUREMENT START ===
job.batch/kafka-producer created
[2026-06-09T23:53:24Z] iter=6 replicas=0/3 desired=3 lag=1k
[2026-06-09T23:53:57Z] iter=12 replicas=3/3 desired=3 lag=0
[2026-06-09T23:54:30Z] iter=18 replicas=3/3 desired=3 lag=0
[2026-06-09T23:55:03Z] iter=24 replicas=0/0 desired=0 lag=0
[2026-06-09T23:55:37Z] iter=30 replicas=0/0 desired=0 lag=0
[2026-06-09T23:55:58Z] === MEASUREMENT END ===
[2026-06-09T23:55:58Z] CSV rows: 33 | events captured: 31
[2026-06-09T23:55:58Z] Output: /tmp/measure-hpa
[2026-06-10T01:14:35Z] role=hpa deploy=kafka-consumer-k8s hpa=kafka-consumer-k8s-hpa duration=300s interval=5s out=/tmp/measure-hpa
[2026-06-10T01:14:35Z] Waiting 29s for sync...
[2026-06-10T01:15:04Z] === MEASUREMENT START ===
job.batch/kafka-producer unchanged
/home/cyokozai/measure.sh: line 162: LAG: unbound variable
[2026-06-10T02:50:58Z] role=hpa deploy=kafka-consumer-k8s hpa=kafka-consumer-k8s-hpa duration=300s interval=5s out=/tmp/measure-hpa
[2026-06-10T02:50:58Z] Waiting 28s for sync...
[2026-06-10T02:51:26Z] === MEASUREMENT START ===
job.batch/kafka-producer created
[2026-06-10T02:51:54Z] iter=6 replicas=3/3 desired=3 lag_prom=1000 lag_ext=1k
[2026-06-10T02:52:27Z] iter=12 replicas=3/3 desired=3 lag_prom=0 lag_ext=0
[2026-06-10T02:53:00Z] iter=18 replicas=3/3 desired=3 lag_prom=0 lag_ext=0
[2026-06-10T02:53:33Z] iter=24 replicas=0/0 desired=0 lag_prom=0 lag_ext=0
[2026-06-10T02:54:06Z] iter=30 replicas=0/0 desired=0 lag_prom=0 lag_ext=0
[2026-06-10T02:54:40Z] iter=36 replicas=0/0 desired=0 lag_prom=0 lag_ext=0
[2026-06-10T02:55:13Z] iter=42 replicas=0/0 desired=0 lag_prom=0 lag_ext=0
[2026-06-10T02:55:46Z] iter=48 replicas=0/0 desired=0 lag_prom=0 lag_ext=0
[2026-06-10T02:56:20Z] iter=54 replicas=0/0 desired=0 lag_prom=0 lag_ext=0
[2026-06-10T02:56:30Z] === MEASUREMENT END ===
[2026-06-10T02:56:30Z] CSV rows: 55 | events captured: 31
[2026-06-10T02:56:30Z] Output: /tmp/measure-hpa
