[2026-06-09T23:52:37Z] role=keda deploy=kafka-consumer hpa=keda-hpa-kafka-consumer-scaler duration=180s interval=5s out=/tmp/measure-keda
[2026-06-09T23:52:37Z] Waiting 19s for sync...
[2026-06-09T23:52:56Z] === MEASUREMENT START ===
job.batch/kafka-producer created
[2026-06-09T23:53:24Z] iter=6 replicas=3/3 desired=3 lag=
[2026-06-09T23:53:59Z] iter=12 replicas=3/3 desired=3 lag=
[2026-06-09T23:54:33Z] iter=18 replicas=0/0 desired=0 lag=
[2026-06-09T23:55:06Z] iter=24 replicas=0/0 desired=0 lag=
[2026-06-09T23:55:39Z] iter=30 replicas=0/0 desired=0 lag=
[2026-06-09T23:56:00Z] === MEASUREMENT END ===
[2026-06-09T23:56:00Z] CSV rows: 33 | events captured: 33
[2026-06-09T23:56:00Z] Output: /tmp/measure-keda
[2026-06-10T01:14:35Z] role=keda deploy=kafka-consumer hpa=keda-hpa-kafka-consumer-scaler duration=300s interval=5s out=/tmp/measure-keda
[2026-06-10T01:14:35Z] Waiting 29s for sync...
[2026-06-10T01:15:04Z] === MEASUREMENT START ===
job.batch/kafka-producer unchanged
/home/cyokozai/measure.sh: line 162: LAG: unbound variable
[2026-06-10T02:50:58Z] role=keda deploy=kafka-consumer hpa=keda-hpa-kafka-consumer-scaler duration=300s interval=5s out=/tmp/measure-keda
[2026-06-10T02:50:58Z] Waiting 28s for sync...
[2026-06-10T02:51:26Z] === MEASUREMENT START ===
job.batch/kafka-producer created
[2026-06-10T02:51:56Z] iter=6 replicas=3/3 desired=3 lag_prom=1000 lag_ext=
[2026-06-10T02:52:32Z] iter=12 replicas=3/3 desired=3 lag_prom=0 lag_ext=
[2026-06-10T02:53:05Z] iter=18 replicas=0/0 desired=0 lag_prom=0 lag_ext=
[2026-06-10T02:53:39Z] iter=24 replicas=0/0 desired=0 lag_prom=0 lag_ext=
[2026-06-10T02:54:12Z] iter=30 replicas=0/0 desired=0 lag_prom=0 lag_ext=
[2026-06-10T02:54:45Z] iter=36 replicas=0/0 desired=0 lag_prom=0 lag_ext=
[2026-06-10T02:55:18Z] iter=42 replicas=0/0 desired=0 lag_prom=0 lag_ext=
[2026-06-10T02:55:52Z] iter=48 replicas=0/0 desired=0 lag_prom=0 lag_ext=
[2026-06-10T02:56:25Z] iter=54 replicas=0/0 desired=0 lag_prom=0 lag_ext=
[2026-06-10T02:56:30Z] === MEASUREMENT END ===
[2026-06-10T02:56:30Z] CSV rows: 54 | events captured: 33
[2026-06-10T02:56:30Z] Output: /tmp/measure-keda
