[2026-06-24T20:54:27Z] Batch start: count=20
[2026-06-24T20:54:27Z] Estimated total: 60 min
[2026-06-24T20:54:31Z] preflight: waiting replicas=0 (up to 100s)
[2026-06-24T20:56:13Z] === Run 1/20 start ===
[2026-06-24T20:58:47Z] === Run 1/20 done ===
[2026-06-24T20:59:17Z] === Run 2/20 start ===
[2026-06-24T21:01:52Z] === Run 2/20 done ===
[2026-06-24T21:02:22Z] === Run 3/20 start ===
[2026-06-24T21:04:58Z] === Run 3/20 done ===
[2026-06-24T21:05:28Z] === Run 4/20 start ===
[2026-06-24T21:08:04Z] === Run 4/20 done ===
[2026-06-24T21:08:34Z] === Run 5/20 start ===
[2026-06-24T21:11:10Z] === Run 5/20 done ===
[2026-06-24T21:11:40Z] === Run 6/20 start ===
[2026-06-24T21:14:15Z] === Run 6/20 done ===
[2026-06-24T21:14:45Z] === Run 7/20 start ===
[2026-06-24T21:17:20Z] === Run 7/20 done ===
[2026-06-24T21:17:50Z] === Run 8/20 start ===
[2026-06-24T21:20:27Z] === Run 8/20 done ===
[2026-06-24T21:20:57Z] === Run 9/20 start ===
[2026-06-24T21:23:34Z] === Run 9/20 done ===
[2026-06-24T21:24:04Z] === Run 10/20 start ===
[2026-06-24T21:26:39Z] === Run 10/20 done ===
[2026-06-24T21:27:09Z] === Run 11/20 start ===
[2026-06-24T21:29:45Z] === Run 11/20 done ===
[2026-06-24T21:30:15Z] === Run 12/20 start ===
[2026-06-24T21:32:50Z] === Run 12/20 done ===
[2026-06-24T21:33:20Z] === Run 13/20 start ===
[2026-06-24T21:35:56Z] === Run 13/20 done ===
[2026-06-24T21:36:26Z] === Run 14/20 start ===
[2026-06-24T21:39:01Z] === Run 14/20 done ===
[2026-06-24T21:39:31Z] === Run 15/20 start ===
[2026-06-24T21:42:07Z] === Run 15/20 done ===
[2026-06-24T21:42:37Z] === Run 16/20 start ===
[2026-06-24T21:45:12Z] === Run 16/20 done ===
[2026-06-24T21:45:42Z] === Run 17/20 start ===
[2026-06-24T21:48:19Z] === Run 17/20 done ===
[2026-06-24T21:48:49Z] === Run 18/20 start ===
[2026-06-24T21:51:23Z] === Run 18/20 done ===
[2026-06-24T21:51:53Z] === Run 19/20 start ===
[2026-06-24T21:54:28Z] === Run 19/20 done ===
[2026-06-24T21:54:58Z] === Run 20/20 start ===
[2026-06-24T21:57:33Z] === Run 20/20 done ===
[2026-06-24T21:57:33Z] Batch complete
